[2m2022-05-19 00:00:34.322[0;39m [32m INFO[0;39m [35m5434[0;39m [2m---[0;39m [2m[  restartedMain][0;39m [36mo.s.b.w.embedded.tomcat.TomcatWebServer [0;39m [2m:[0;39m Tomcat initialized with port(s): 9999 (http)
[2m2022-05-19 00:00:34.376[0;39m [32m INFO[0;39m [35m5434[0;39m [2m---[0;39m [2m[  restartedMain][0;39m [36mw.s.c.ServletWebServerApplicationContext[0;39m [2m:[0;39m Root WebApplicationContext: initialization completed in 342 ms
[2m2022-05-19 00:00:34.539[0;39m [32m INFO[0;39m [35m5434[0;39m [2m---[0;39m [2m[  restartedMain][0;39m [36mo.s.b.d.a.OptionalLiveReloadServer      [0;39m [2m:[0;39m LiveReload server is running on port 35729
[2m2022-05-19 00:00:34.575[0;39m [32m INFO[0;39m [35m5434[0;39m [2m---[0;39m [2m[  restartedMain][0;39m [36mo.s.b.w.embedded.tomcat.TomcatWebServer [0;39m [2m:[0;39m Tomcat started on port(s): 9999 (http) with context path '/vue'
[2m2022-05-19 00:00:34.671[0;39m [32m INFO[0;39m [35m5434[0;39m [2m---[0;39m [2m[  restartedMain][0;39m [36m.ConditionEvaluationDeltaLoggingListener[0;39m [2m:[0;39m Condition evaluation unchanged
[2m2022-05-19 00:14:09.758[0;39m [32m INFO[0;39m [35m5434[0;39m [2m---[0;39m [2m[  restartedMain][0;39m [36mo.s.b.w.embedded.tomcat.TomcatWebServer [0;39m [2m:[0;39m Tomcat initialized with port(s): 9999 (http)
[2m2022-05-19 00:14:09.817[0;39m [32m INFO[0;39m [35m5434[0;39m [2m---[0;39m [2m[  restartedMain][0;39m [36mw.s.c.ServletWebServerApplicationContext[0;39m [2m:[0;39m Root WebApplicationContext: initialization completed in 353 ms
[2m2022-05-19 00:14:09.982[0;39m [32m INFO[0;39m [35m5434[0;39m [2m---[0;39m [2m[  restartedMain][0;39m [36mo.s.b.d.a.OptionalLiveReloadServer      [0;39m [2m:[0;39m LiveReload server is running on port 35729
[2m2022-05-19 00:14:10.019[0;39m [32m INFO[0;39m [35m5434[0;39m [2m---[0;39m [2m[  restartedMain][0;39m [36mo.s.b.w.embedded.tomcat.TomcatWebServer [0;39m [2m:[0;39m Tomcat started on port(s): 9999 (http) with context path '/vue'
[2m2022-05-19 00:14:10.113[0;39m [32m INFO[0;39m [35m5434[0;39m [2m---[0;39m [2m[  restartedMain][0;39m [36m.ConditionEvaluationDeltaLoggingListener[0;39m [2m:[0;39m Condition evaluation unchanged
[2m2022-05-19 00:15:48.149[0;39m [32m INFO[0;39m [35m5434[0;39m [2m---[0;39m [2m[  restartedMain][0;39m [36mo.s.b.w.embedded.tomcat.TomcatWebServer [0;39m [2m:[0;39m Tomcat initialized with port(s): 9999 (http)
[2m2022-05-19 00:15:48.202[0;39m [32m INFO[0;39m [35m5434[0;39m [2m---[0;39m [2m[  restartedMain][0;39m [36mw.s.c.ServletWebServerApplicationContext[0;39m [2m:[0;39m Root WebApplicationContext: initialization completed in 334 ms
[2m2022-05-19 00:15:48.465[0;39m [32m INFO[0;39m [35m5434[0;39m [2m---[0;39m [2m[  restartedMain][0;39m [36mo.s.b.d.a.OptionalLiveReloadServer      [0;39m [2m:[0;39m LiveReload server is running on port 35729
[2m2022-05-19 00:15:48.506[0;39m [32m INFO[0;39m [35m5434[0;39m [2m---[0;39m [2m[  restartedMain][0;39m [36mo.s.b.w.embedded.tomcat.TomcatWebServer [0;39m [2m:[0;39m Tomcat started on port(s): 9999 (http) with context path '/vue'
[2m2022-05-19 00:15:48.595[0;39m [32m INFO[0;39m [35m5434[0;39m [2m---[0;39m [2m[  restartedMain][0;39m [36m.ConditionEvaluationDeltaLoggingListener[0;39m [2m:[0;39m Condition evaluation unchanged
[2m2022-05-19 00:16:45.165[0;39m [32m INFO[0;39m [35m5434[0;39m [2m---[0;39m [2m[  restartedMain][0;39m [36mo.s.b.w.embedded.tomcat.TomcatWebServer [0;39m [2m:[0;39m Tomcat initialized with port(s): 9999 (http)
[2m2022-05-19 00:16:45.217[0;39m [32m INFO[0;39m [35m5434[0;39m [2m---[0;39m [2m[  restartedMain][0;39m [36mw.s.c.ServletWebServerApplicationContext[0;39m [2m:[0;39m Root WebApplicationContext: initialization completed in 333 ms
[2m2022-05-19 00:16:45.453[0;39m [32m INFO[0;39m [35m5434[0;39m [2m---[0;39m [2m[  restartedMain][0;39m [36mo.s.b.d.a.OptionalLiveReloadServer      [0;39m [2m:[0;39m LiveReload server is running on port 35729
[2m2022-05-19 00:16:45.495[0;39m [32m INFO[0;39m [35m5434[0;39m [2m---[0;39m [2m[  restartedMain][0;39m [36mo.s.b.w.embedded.tomcat.TomcatWebServer [0;39m [2m:[0;39m Tomcat started on port(s): 9999 (http) with context path '/vue'
[2m2022-05-19 00:16:45.602[0;39m [32m INFO[0;39m [35m5434[0;39m [2m---[0;39m [2m[  restartedMain][0;39m [36m.ConditionEvaluationDeltaLoggingListener[0;39m [2m:[0;39m Condition evaluation unchanged
[2m2022-05-19 00:16:51.021[0;39m [32m INFO[0;39m [35m5434[0;39m [2m---[0;39m [2m[nio-9999-exec-4][0;39m [36mo.s.web.servlet.DispatcherServlet       [0;39m [2m:[0;39m Initializing Servlet 'dispatcherServlet'
[2m2022-05-19 00:16:51.031[0;39m [32m INFO[0;39m [35m5434[0;39m [2m---[0;39m [2m[nio-9999-exec-4][0;39m [36mo.s.web.servlet.DispatcherServlet       [0;39m [2m:[0;39m Completed initialization in 2 ms
[2m2022-05-19 00:16:51.038[0;39m [32mDEBUG[0;39m [35m5434[0;39m [2m---[0;39m [2m[nio-9999-exec-4][0;39m [36mc.ssafy.vue.controller.BoardController  [0;39m [2m:[0;39m retrieveBoard - 호출
[2m2022-05-19 00:16:52.500[0;39m [32mDEBUG[0;39m [35m5434[0;39m [2m---[0;39m [2m[nio-9999-exec-5][0;39m [36mc.s.vue.controller.HouseMapController   [0;39m [2m:[0;39m sido : [SidoGugunCodeDto [sidoCode=11, sidoName=서울특별시, gugunCode=null, gugunName=null], SidoGugunCodeDto [sidoCode=26, sidoName=부산광역시, gugunCode=null, gugunName=null], SidoGugunCodeDto [sidoCode=27, sidoName=대구광역시, gugunCode=null, gugunName=null], SidoGugunCodeDto [sidoCode=28, sidoName=인천광역시, gugunCode=null, gugunName=null], SidoGugunCodeDto [sidoCode=29, sidoName=광주광역시, gugunCode=null, gugunName=null], SidoGugunCodeDto [sidoCode=30, sidoName=대전광역시, gugunCode=null, gugunName=null], SidoGugunCodeDto [sidoCode=31, sidoName=울산광역시, gugunCode=null, gugunName=null], SidoGugunCodeDto [sidoCode=36, sidoName=세종특별자치시, gugunCode=null, gugunName=null], SidoGugunCodeDto [sidoCode=41, sidoName=경기도, gugunCode=null, gugunName=null], SidoGugunCodeDto [sidoCode=42, sidoName=강원도, gugunCode=null, gugunName=null], SidoGugunCodeDto [sidoCode=43, sidoName=충청북도, gugunCode=null, gugunName=null], SidoGugunCodeDto [sidoCode=44, sidoName=충청남도, gugunCode=null, gugunName=null], SidoGugunCodeDto [sidoCode=45, sidoName=전라북도, gugunCode=null, gugunName=null], SidoGugunCodeDto [sidoCode=46, sidoName=전라남도, gugunCode=null, gugunName=null], SidoGugunCodeDto [sidoCode=47, sidoName=경상북도, gugunCode=null, gugunName=null], SidoGugunCodeDto [sidoCode=48, sidoName=경상남도, gugunCode=null, gugunName=null], SidoGugunCodeDto [sidoCode=50, sidoName=제주특별자치도, gugunCode=null, gugunName=null]]
[2m2022-05-19 00:17:03.071[0;39m [32mDEBUG[0;39m [35m5434[0;39m [2m---[0;39m [2m[nio-9999-exec-1][0;39m [36mc.s.vue.controller.HouseMapController   [0;39m [2m:[0;39m Login - 호출
[2m2022-05-19 00:17:06.005[0;39m [32mDEBUG[0;39m [35m5434[0;39m [2m---[0;39m [2m[nio-9999-exec-7][0;39m [36mc.s.vue.controller.HouseMapController   [0;39m [2m:[0;39m sido : [SidoGugunCodeDto [sidoCode=11, sidoName=서울특별시, gugunCode=null, gugunName=null], SidoGugunCodeDto [sidoCode=26, sidoName=부산광역시, gugunCode=null, gugunName=null], SidoGugunCodeDto [sidoCode=27, sidoName=대구광역시, gugunCode=null, gugunName=null], SidoGugunCodeDto [sidoCode=28, sidoName=인천광역시, gugunCode=null, gugunName=null], SidoGugunCodeDto [sidoCode=29, sidoName=광주광역시, gugunCode=null, gugunName=null], SidoGugunCodeDto [sidoCode=30, sidoName=대전광역시, gugunCode=null, gugunName=null], SidoGugunCodeDto [sidoCode=31, sidoName=울산광역시, gugunCode=null, gugunName=null], SidoGugunCodeDto [sidoCode=36, sidoName=세종특별자치시, gugunCode=null, gugunName=null], SidoGugunCodeDto [sidoCode=41, sidoName=경기도, gugunCode=null, gugunName=null], SidoGugunCodeDto [sidoCode=42, sidoName=강원도, gugunCode=null, gugunName=null], SidoGugunCodeDto [sidoCode=43, sidoName=충청북도, gugunCode=null, gugunName=null], SidoGugunCodeDto [sidoCode=44, sidoName=충청남도, gugunCode=null, gugunName=null], SidoGugunCodeDto [sidoCode=45, sidoName=전라북도, gugunCode=null, gugunName=null], SidoGugunCodeDto [sidoCode=46, sidoName=전라남도, gugunCode=null, gugunName=null], SidoGugunCodeDto [sidoCode=47, sidoName=경상북도, gugunCode=null, gugunName=null], SidoGugunCodeDto [sidoCode=48, sidoName=경상남도, gugunCode=null, gugunName=null], SidoGugunCodeDto [sidoCode=50, sidoName=제주특별자치도, gugunCode=null, gugunName=null]]
[2m2022-05-19 00:28:12.472[0;39m [32m INFO[0;39m [35m5434[0;39m [2m---[0;39m [2m[     Thread-139][0;39m [36mcom.zaxxer.hikari.HikariDataSource      [0;39m [2m:[0;39m HikariPool-3 - Shutdown initiated...
[2m2022-05-19 00:28:12.477[0;39m [32mDEBUG[0;39m [35m5434[0;39m [2m---[0;39m [2m[     Thread-139][0;39m [36mcom.zaxxer.hikari.pool.HikariPool       [0;39m [2m:[0;39m HikariPool-3 - Before shutdown stats (total=10, active=0, idle=10, waiting=0)
[2m2022-05-19 00:28:12.479[0;39m [32mDEBUG[0;39m [35m5434[0;39m [2m---[0;39m [2m[nnection closer][0;39m [36mcom.zaxxer.hikari.pool.PoolBase         [0;39m [2m:[0;39m HikariPool-3 - Closing connection com.mysql.cj.jdbc.ConnectionImpl@6a0ed403: (connection evicted)
[2m2022-05-19 00:28:12.492[0;39m [32mDEBUG[0;39m [35m5434[0;39m [2m---[0;39m [2m[nnection closer][0;39m [36mcom.zaxxer.hikari.pool.PoolBase         [0;39m [2m:[0;39m HikariPool-3 - Closing connection com.mysql.cj.jdbc.ConnectionImpl@64c93732: (connection evicted)
[2m2022-05-19 00:28:12.495[0;39m [32mDEBUG[0;39m [35m5434[0;39m [2m---[0;39m [2m[nnection closer][0;39m [36mcom.zaxxer.hikari.pool.PoolBase         [0;39m [2m:[0;39m HikariPool-3 - Closing connection com.mysql.cj.jdbc.ConnectionImpl@60f6bf73: (connection evicted)
[2m2022-05-19 00:28:12.499[0;39m [32mDEBUG[0;39m [35m5434[0;39m [2m---[0;39m [2m[nnection closer][0;39m [36mcom.zaxxer.hikari.pool.PoolBase         [0;39m [2m:[0;39m HikariPool-3 - Closing connection com.mysql.cj.jdbc.ConnectionImpl@25f43d09: (connection evicted)
[2m2022-05-19 00:28:12.502[0;39m [32mDEBUG[0;39m [35m5434[0;39m [2m---[0;39m [2m[nnection closer][0;39m [36mcom.zaxxer.hikari.pool.PoolBase         [0;39m [2m:[0;39m HikariPool-3 - Closing connection com.mysql.cj.jdbc.ConnectionImpl@39c65b78: (connection evicted)
[2m2022-05-19 00:28:12.505[0;39m [32mDEBUG[0;39m [35m5434[0;39m [2m---[0;39m [2m[nnection closer][0;39m [36mcom.zaxxer.hikari.pool.PoolBase         [0;39m [2m:[0;39m HikariPool-3 - Closing connection com.mysql.cj.jdbc.ConnectionImpl@149b9bd5: (connection evicted)
[2m2022-05-19 00:28:12.508[0;39m [32mDEBUG[0;39m [35m5434[0;39m [2m---[0;39m [2m[nnection closer][0;39m [36mcom.zaxxer.hikari.pool.PoolBase         [0;39m [2m:[0;39m HikariPool-3 - Closing connection com.mysql.cj.jdbc.ConnectionImpl@4143a312: (connection evicted)
[2m2022-05-19 00:28:12.510[0;39m [32mDEBUG[0;39m [35m5434[0;39m [2m---[0;39m [2m[nnection closer][0;39m [36mcom.zaxxer.hikari.pool.PoolBase         [0;39m [2m:[0;39m HikariPool-3 - Closing connection com.mysql.cj.jdbc.ConnectionImpl@45dbc246: (connection evicted)
[2m2022-05-19 00:28:12.514[0;39m [32mDEBUG[0;39m [35m5434[0;39m [2m---[0;39m [2m[nnection closer][0;39m [36mcom.zaxxer.hikari.pool.PoolBase         [0;39m [2m:[0;39m HikariPool-3 - Closing connection com.mysql.cj.jdbc.ConnectionImpl@4e4d5c1e: (connection evicted)
[2m2022-05-19 00:28:12.516[0;39m [32mDEBUG[0;39m [35m5434[0;39m [2m---[0;39m [2m[nnection closer][0;39m [36mcom.zaxxer.hikari.pool.PoolBase         [0;39m [2m:[0;39m HikariPool-3 - Closing connection com.mysql.cj.jdbc.ConnectionImpl@6402331: (connection evicted)
[2m2022-05-19 00:28:12.519[0;39m [32mDEBUG[0;39m [35m5434[0;39m [2m---[0;39m [2m[     Thread-139][0;39m [36mcom.zaxxer.hikari.pool.HikariPool       [0;39m [2m:[0;39m HikariPool-3 - After shutdown stats (total=0, active=0, idle=0, waiting=0)
[2m2022-05-19 00:28:12.520[0;39m [32m INFO[0;39m [35m5434[0;39m [2m---[0;39m [2m[     Thread-139][0;39m [36mcom.zaxxer.hikari.HikariDataSource      [0;39m [2m:[0;39m HikariPool-3 - Shutdown completed.
[2m2022-05-19 00:28:13.111[0;39m [32m INFO[0;39m [35m5434[0;39m [2m---[0;39m [2m[  restartedMain][0;39m [36mo.s.b.w.embedded.tomcat.TomcatWebServer [0;39m [2m:[0;39m Tomcat initialized with port(s): 9999 (http)
[2m2022-05-19 00:28:13.167[0;39m [32m INFO[0;39m [35m5434[0;39m [2m---[0;39m [2m[  restartedMain][0;39m [36mw.s.c.ServletWebServerApplicationContext[0;39m [2m:[0;39m Root WebApplicationContext: initialization completed in 336 ms
[2m2022-05-19 00:28:13.355[0;39m [32m INFO[0;39m [35m5434[0;39m [2m---[0;39m [2m[  restartedMain][0;39m [36mo.s.b.d.a.OptionalLiveReloadServer      [0;39m [2m:[0;39m LiveReload server is running on port 35729
[2m2022-05-19 00:28:13.389[0;39m [32m INFO[0;39m [35m5434[0;39m [2m---[0;39m [2m[  restartedMain][0;39m [36mo.s.b.w.embedded.tomcat.TomcatWebServer [0;39m [2m:[0;39m Tomcat started on port(s): 9999 (http) with context path '/vue'
[2m2022-05-19 00:28:13.498[0;39m [32m INFO[0;39m [35m5434[0;39m [2m---[0;39m [2m[  restartedMain][0;39m [36m.ConditionEvaluationDeltaLoggingListener[0;39m [2m:[0;39m Condition evaluation unchanged
[2m2022-05-19 00:28:15.371[0;39m [32m INFO[0;39m [35m5434[0;39m [2m---[0;39m [2m[  restartedMain][0;39m [36mo.s.b.w.embedded.tomcat.TomcatWebServer [0;39m [2m:[0;39m Tomcat initialized with port(s): 9999 (http)
[2m2022-05-19 00:28:15.429[0;39m [32m INFO[0;39m [35m5434[0;39m [2m---[0;39m [2m[  restartedMain][0;39m [36mw.s.c.ServletWebServerApplicationContext[0;39m [2m:[0;39m Root WebApplicationContext: initialization completed in 344 ms
[2m2022-05-19 00:28:15.594[0;39m [32m INFO[0;39m [35m5434[0;39m [2m---[0;39m [2m[  restartedMain][0;39m [36mo.s.b.d.a.OptionalLiveReloadServer      [0;39m [2m:[0;39m LiveReload server is running on port 35729
[2m2022-05-19 00:28:15.628[0;39m [32m INFO[0;39m [35m5434[0;39m [2m---[0;39m [2m[  restartedMain][0;39m [36mo.s.b.w.embedded.tomcat.TomcatWebServer [0;39m [2m:[0;39m Tomcat started on port(s): 9999 (http) with context path '/vue'
[2m2022-05-19 00:28:15.721[0;39m [32m INFO[0;39m [35m5434[0;39m [2m---[0;39m [2m[  restartedMain][0;39m [36m.ConditionEvaluationDeltaLoggingListener[0;39m [2m:[0;39m Condition evaluation unchanged
[2m2022-05-19 00:28:34.788[0;39m [32m INFO[0;39m [35m5434[0;39m [2m---[0;39m [2m[  restartedMain][0;39m [36mo.s.b.w.embedded.tomcat.TomcatWebServer [0;39m [2m:[0;39m Tomcat initialized with port(s): 9999 (http)
[2m2022-05-19 00:28:34.848[0;39m [32m INFO[0;39m [35m5434[0;39m [2m---[0;39m [2m[  restartedMain][0;39m [36mw.s.c.ServletWebServerApplicationContext[0;39m [2m:[0;39m Root WebApplicationContext: initialization completed in 344 ms
[2m2022-05-19 00:28:35.050[0;39m [32m INFO[0;39m [35m5434[0;39m [2m---[0;39m [2m[  restartedMain][0;39m [36mo.s.b.d.a.OptionalLiveReloadServer      [0;39m [2m:[0;39m LiveReload server is running on port 35729
[2m2022-05-19 00:28:35.083[0;39m [32m INFO[0;39m [35m5434[0;39m [2m---[0;39m [2m[  restartedMain][0;39m [36mo.s.b.w.embedded.tomcat.TomcatWebServer [0;39m [2m:[0;39m Tomcat started on port(s): 9999 (http) with context path '/vue'
[2m2022-05-19 00:28:35.165[0;39m [32m INFO[0;39m [35m5434[0;39m [2m---[0;39m [2m[  restartedMain][0;39m [36m.ConditionEvaluationDeltaLoggingListener[0;39m [2m:[0;39m Condition evaluation unchanged
[2m2022-05-19 00:28:44.170[0;39m [32m INFO[0;39m [35m5434[0;39m [2m---[0;39m [2m[  restartedMain][0;39m [36mo.s.b.w.embedded.tomcat.TomcatWebServer [0;39m [2m:[0;39m Tomcat initialized with port(s): 9999 (http)
[2m2022-05-19 00:28:44.230[0;39m [32m INFO[0;39m [35m5434[0;39m [2m---[0;39m [2m[  restartedMain][0;39m [36mw.s.c.ServletWebServerApplicationContext[0;39m [2m:[0;39m Root WebApplicationContext: initialization completed in 349 ms
[2m2022-05-19 00:28:44.424[0;39m [32m INFO[0;39m [35m5434[0;39m [2m---[0;39m [2m[  restartedMain][0;39m [36mo.s.b.d.a.OptionalLiveReloadServer      [0;39m [2m:[0;39m LiveReload server is running on port 35729
[2m2022-05-19 00:28:44.459[0;39m [32m INFO[0;39m [35m5434[0;39m [2m---[0;39m [2m[  restartedMain][0;39m [36mo.s.b.w.embedded.tomcat.TomcatWebServer [0;39m [2m:[0;39m Tomcat started on port(s): 9999 (http) with context path '/vue'
[2m2022-05-19 00:28:44.555[0;39m [32m INFO[0;39m [35m5434[0;39m [2m---[0;39m [2m[  restartedMain][0;39m [36m.ConditionEvaluationDeltaLoggingListener[0;39m [2m:[0;39m Condition evaluation unchanged
[2m2022-05-19 00:28:46.714[0;39m [32m INFO[0;39m [35m5434[0;39m [2m---[0;39m [2m[on(2)-127.0.0.1][0;39m [36minMXBeanRegistrar$SpringApplicationAdmin[0;39m [2m:[0;39m Application shutdown requested.
